-199.326 46.9509
-197.081 187.103
-70.7611 197.394
-30.272 199.032
155.448 199.285
162.153 186.355
185.49 118.485
199.11 19.7613
190.539 -196.346
134.425 -196.486
-161.19 -195.195
-181.835 -169.855
-193.026 -110.131
-199.326 46.9509


-199.121 87.239
-197.234 159.249
-142.183 193.378
106.026 196.898
131.25 197.019
162.768 187.819
187.577 176.748
199.169 148.004
198.913 95.3994
196.915 -160.904
157.803 -187.583
-0.354189 -194.412
-102.218 -197.465
-132.274 -195.849
-179.975 -171.99
-199.121 87.239


-197.886 -188.576
-197.367 -79.2528
-194.708 185.831
-114.331 196.998
-101.213 197.071
92.0652 196.193
184.753 177.521
194.222 174.053
198.77 162.597
196.071 -47.2544
173.624 -186.806
135.348 -189.494
60.1212 -194.249
-9.04109 -197.317
-85.4243 -199.849
-152.385 -197.093
-197.886 -188.576


-196.525 48.5049
-193.19 146.842
-174.696 193.192
-125.476 198.794
57.7287 198.75
175.485 196.747
192.772 193.608
197.783 24.167
199.18 -152.724
195.626 -167.033
139.913 -183.544
85.7428 -197.038
-160.837 -198.547
-195.219 -185.803
-196.525 48.5049


