7.14909 152.234
8.2953 176.578
23.0169 194.556
26.7528 179.097
28.4628 102.425
24.3621 24.2283
12.7801 30.3949
8.73657 67.174
7.14909 152.234


30.657 99.5706
37.1666 214.498
40.0752 228.935
41.8725 183.162
42.2976 48.0683
42.1492 40.6661
33.3461 36.17
31.1577 36.8221
30.657 99.5706


46.2004 44.9673
48.328 189.056
56.1618 197.87
60.7445 177.92
61.0106 47.2625
46.2004 44.9673


63.143 75.7762
65.6585 189.557
71.3069 195.322
81.0221 193.687
81.8069 159.031
82.3845 129.962
80.8065 88.2375
63.143 75.7762


90.5006 209.753
101.005 199.06
109.03 188.975
113.707 143.516
114.153 134.783
114.555 75.7182
100.889 125.948
99.6087 132.576
90.5006 209.753


117.948 187.475
129.987 224.396
135.319 126.695
131.512 106.408
120.345 73.5702
118.091 71.1074
117.948 187.475


135.334 126.706
135.477 159.318
137.102 184.252
144.715 216.177
145.132 206.959
145.933 189.245
146.656 102.32
145.252 64.3306
139.652 60.2499
135.334 126.706


147.029 165.016
164.403 196.082
164.576 186.748
162.886 133.558
151.901 69.1757
147.917 145.368
147.598 152.426
147.029 165.016


164.702 179.96
196.933 180.977
208.245 149.848
189.158 50.0309
188.44 48.3094
177.078 52.5244
166.975 114.033
165.329 146.213
164.702 179.96


208.623 147.115
210.692 155.189
228.699 194.481
231.143 194.635
226.531 153.516
210.696 132.137
208.623 147.115


