7.14909 152.234
8.2953 176.578
8.39421 152.056
8.73657 67.174
12.7801 30.3949
15.4255 151.052
17.6783 143.438
17.7701 43.7664
23.0169 194.556
24.3621 24.2283
24.6016 34.5292
24.6997 38.7465
24.8373 119.241
25.2076 185.491
26.7528 179.097
28.4628 102.425
30.657 99.5706
31.1501 53.2057
31.1577 36.8221
33.3461 36.17
34.7932 38.0935
37.1666 214.498
37.6388 147.883
37.9884 42.3406
38.2441 58.2105
38.4843 73.1145
40.0752 228.935
41.3093 63.566
41.8725 183.162
42.0909 60.9243
42.1492 40.6661
42.2976 48.0683
46.2004 44.9673
48.328 189.056
49.4015 124.957
53.1186 186.186
53.2733 117.364
54.4735 116.356
54.9849 111.512
56.1618 197.87
56.737 114.455
58.1858 144.95
58.3704 119.57
58.8091 112.714
59.6929 178.863
60.7278 177.935
60.7445 177.92
61.0106 47.2625
63.143 75.7762
65.0671 127.334
65.6585 189.557
66.693 123.172
69.3723 186.306
69.4063 170.152
71.082 111.936
71.3069 195.322
72.0799 191.283
75.418 194.63
76.7343 180.93
79.1965 177.706
80.8065 88.2375
81.0221 193.687
81.8069 159.031
82.3845 129.962
90.5006 209.753
97.0978 202.355
99.6087 132.576
100.889 125.948
101.005 199.06
103.341 139.031
103.484 129.397
104.706 138.494
105.436 138.208
105.805 127.494
109.03 188.975
110.079 141.947
113.444 121.228
113.707 143.516
114.153 134.783
114.555 75.7182
117.948 187.475
118.091 71.1074
119.616 136.184
120.345 73.5702
123.933 135.568
127.054 203.723
129.987 224.396
130.745 204.384
131.065 195.95
131.472 185.199
131.512 106.408
132.319 162.859
132.386 161.075
132.689 153.078
135.113 126.55
135.319 126.695
135.334 126.706
135.451 126.615
135.477 159.318
135.968 126.214
136.39 126.048
137.102 184.252
138.953 155.42
139.652 60.2499
140.992 156.182
141.956 188.994
144.715 216.177
144.867 212.81
145.132 206.959
145.252 64.3306
145.933 189.245
146.656 102.32
147.029 165.016
147.598 152.426
147.917 145.368
151.901 69.1757
152.973 139.15
153.273 139.361
153.957 138.595
155.987 147.657
156.736 101.076
159.728 116.88
159.915 116.807
160.996 144.809
161.101 144.884
162.886 133.558
164.403 196.082
164.576 186.748
164.702 179.96
165.329 146.213
166.975 114.033
169.875 120.744
171.037 128.96
171.308 128.807
174.957 110.898
175.257 174.275
177.078 52.5244
183.516 51.1954
184.058 49.935
188.44 48.3094
189.158 50.0309
190.854 165.874
196.933 180.977
208.245 149.848
208.623 147.115
210.692 155.189
210.696 132.137
210.811 155.125
211.626 153.606
212.026 154.471
214.313 148.601
216.024 152.317
220.194 150.072
220.329 145.855
226.531 153.516
228.699 194.481
231.143 194.635
